
CONNECTION ACQUIRED
connection acquired at: 2023-06-02 19:11:09
monitoring started at: 2023-06-02 19:11:09

CONNECTION ACQUIRED
connection acquired at: 2023-06-02 19:13:39
monitoring started at: 2023-06-02 19:13:39

CONNECTION NOT ACQUIRED

CONNECTION ACQUIRED
connection acquired at: 2023-06-02 19:15:00
monitoring started at: 2023-06-02 19:14:59
disconnected at: 2023-06-02 19:15:25
connected again: 2023-06-02 19:15:34
connection was unavailable for: 0:00:09
disconnected at: 2023-06-02 19:15:45
connected again: 2023-06-02 19:15:51
connection was unavailable for: 0:00:06

CONNECTION ACQUIRED
connection acquired at: 2023-06-02 19:30:59
monitoring started at: 2023-06-02 19:30:59
disconnected at: 2023-06-03 01:44:23
connected again: 2023-06-03 01:44:24
connection was unavailable for: 0:00:01
disconnected at: 2023-06-03 05:14:15
connected again: 2023-06-03 05:14:25
connection was unavailable for: 0:00:09
disconnected at: 2023-06-03 05:14:54
connected again: 2023-06-03 05:14:54
connection was unavailable for: 0:00:00
disconnected at: 2023-06-03 18:55:04
connected again: 2023-06-03 18:55:04
connection was unavailable for: 0:00:00
disconnected at: 2023-06-03 19:00:35
connected again: 2023-06-03 19:00:36
connection was unavailable for: 0:00:00
disconnected at: 2023-06-03 19:32:17
connected again: 2023-06-03 19:32:20
connection was unavailable for: 0:00:02
disconnected at: 2023-06-03 19:33:45
connected again: 2023-06-03 19:33:45
connection was unavailable for: 0:00:00
disconnected at: 2023-06-03 20:34:24
connected again: 2023-06-03 20:34:30
connection was unavailable for: 0:00:06
disconnected at: 2023-06-03 20:34:58
connected again: 2023-06-03 20:35:00
connection was unavailable for: 0:00:02
disconnected at: 2023-06-03 20:36:12
connected again: 2023-06-03 20:36:36
connection was unavailable for: 0:00:24
disconnected at: 2023-06-03 20:36:49
connected again: 2023-06-03 20:36:50
connection was unavailable for: 0:00:00
disconnected at: 2023-06-03 20:37:15
connected again: 2023-06-03 20:37:20
connection was unavailable for: 0:00:04
disconnected at: 2023-06-03 20:37:48
connected again: 2023-06-03 20:38:13
connection was unavailable for: 0:00:24
disconnected at: 2023-06-03 20:38:36
connected again: 2023-06-03 20:38:38
connection was unavailable for: 0:00:01
disconnected at: 2023-06-04 01:48:01
connected again: 2023-06-04 01:48:21
connection was unavailable for: 0:00:20
disconnected at: 2023-06-04 09:25:33
connected again: 2023-06-04 09:25:34
connection was unavailable for: 0:00:00
disconnected at: 2023-06-04 09:48:46
connected again: 2023-06-04 09:48:48
connection was unavailable for: 0:00:01
disconnected at: 2023-06-04 12:27:46
connected again: 2023-06-04 12:27:47
connection was unavailable for: 0:00:00
disconnected at: 2023-06-04 14:38:06
connected again: 2023-06-04 14:38:12
connection was unavailable for: 0:00:06
disconnected at: 2023-06-04 17:54:27
connected again: 2023-06-04 17:54:27
connection was unavailable for: 0:00:00
disconnected at: 2023-06-04 18:33:36
connected again: 2023-06-04 18:33:40
connection was unavailable for: 0:00:04
disconnected at: 2023-06-04 19:00:36
connected again: 2023-06-04 19:00:36
connection was unavailable for: 0:00:00
disconnected at: 2023-06-04 19:44:20
connected again: 2023-06-04 19:44:21
connection was unavailable for: 0:00:00
disconnected at: 2023-06-04 19:44:49
connected again: 2023-06-04 19:44:51
connection was unavailable for: 0:00:01
disconnected at: 2023-06-04 19:45:33
connected again: 2023-06-04 19:45:36
connection was unavailable for: 0:00:02
disconnected at: 2023-06-04 19:45:45
connected again: 2023-06-04 19:45:47
connection was unavailable for: 0:00:01
disconnected at: 2023-06-04 19:46:23
connected again: 2023-06-04 19:46:27
connection was unavailable for: 0:00:04
disconnected at: 2023-06-04 19:47:46
connected again: 2023-06-04 19:47:47
connection was unavailable for: 0:00:01
disconnected at: 2023-06-04 20:49:26
connected again: 2023-06-04 20:49:26
connection was unavailable for: 0:00:00
disconnected at: 2023-06-04 20:58:38
connected again: 2023-06-04 20:58:39
connection was unavailable for: 0:00:00
disconnected at: 2023-06-04 21:00:45
connected again: 2023-06-04 21:00:47
connection was unavailable for: 0:00:02
disconnected at: 2023-06-04 22:00:37
connected again: 2023-06-04 22:00:37
connection was unavailable for: 0:00:00
disconnected at: 2023-06-04 22:12:44
connected again: 2023-06-04 22:12:48
connection was unavailable for: 0:00:04
disconnected at: 2023-06-04 22:13:03
connected again: 2023-06-04 22:13:04
connection was unavailable for: 0:00:01
disconnected at: 2023-06-04 22:13:12
connected again: 2023-06-04 22:13:26
connection was unavailable for: 0:00:13
disconnected at: 2023-06-04 22:13:35
connected again: 2023-06-04 22:13:36
connection was unavailable for: 0:00:01
disconnected at: 2023-06-04 22:17:33
connected again: 2023-06-04 22:17:37
connection was unavailable for: 0:00:04
disconnected at: 2023-06-04 22:17:45
connected again: 2023-06-04 22:17:50
connection was unavailable for: 0:00:04
disconnected at: 2023-06-04 22:18:55
connected again: 2023-06-04 22:18:56
connection was unavailable for: 0:00:00
disconnected at: 2023-06-04 22:19:04
connected again: 2023-06-04 22:19:09
connection was unavailable for: 0:00:04
disconnected at: 2023-06-04 22:19:18
connected again: 2023-06-04 22:19:19
connection was unavailable for: 0:00:00
disconnected at: 2023-06-04 22:53:42
connected again: 2023-06-04 22:53:43
connection was unavailable for: 0:00:01
disconnected at: 2023-06-04 23:09:17
connected again: 2023-06-04 23:09:18
connection was unavailable for: 0:00:01
disconnected at: 2023-06-05 00:22:33
connected again: 2023-06-05 00:22:35
connection was unavailable for: 0:00:01
disconnected at: 2023-06-05 01:48:57
connected again: 2023-06-05 01:48:59
connection was unavailable for: 0:00:02
disconnected at: 2023-06-05 01:51:53
connected again: 2023-06-05 01:51:54
connection was unavailable for: 0:00:00
disconnected at: 2023-06-05 05:37:47
connected again: 2023-06-05 05:37:47
connection was unavailable for: 0:00:00
disconnected at: 2023-06-05 06:53:17
connected again: 2023-06-05 06:53:17
connection was unavailable for: 0:00:00
disconnected at: 2023-06-05 07:31:20
connected again: 2023-06-05 07:31:21
connection was unavailable for: 0:00:01
disconnected at: 2023-06-05 07:32:18
connected again: 2023-06-05 07:32:18
connection was unavailable for: 0:00:00
disconnected at: 2023-06-05 08:14:30
connected again: 2023-06-05 08:14:30
connection was unavailable for: 0:00:00
disconnected at: 2023-06-05 08:15:03
connected again: 2023-06-05 08:15:05
connection was unavailable for: 0:00:02
disconnected at: 2023-06-05 08:15:27
connected again: 2023-06-05 08:15:30
connection was unavailable for: 0:00:02
disconnected at: 2023-06-05 08:16:08
connected again: 2023-06-05 08:16:09
connection was unavailable for: 0:00:01
disconnected at: 2023-06-05 08:16:24
connected again: 2023-06-05 08:16:24
connection was unavailable for: 0:00:00
disconnected at: 2023-06-05 08:16:41
connected again: 2023-06-05 08:16:44
connection was unavailable for: 0:00:02
disconnected at: 2023-06-05 08:16:58
connected again: 2023-06-05 08:17:01
connection was unavailable for: 0:00:02
disconnected at: 2023-06-05 08:19:38
connected again: 2023-06-05 08:19:38
connection was unavailable for: 0:00:00
disconnected at: 2023-06-05 08:22:21
connected again: 2023-06-05 08:22:23
connection was unavailable for: 0:00:02
disconnected at: 2023-06-05 08:22:26
connected again: 2023-06-05 08:22:32
connection was unavailable for: 0:00:05
disconnected at: 2023-06-05 08:23:27
connected again: 2023-06-05 08:23:29
connection was unavailable for: 0:00:02
disconnected at: 2023-06-05 08:24:13
connected again: 2023-06-05 08:24:14
connection was unavailable for: 0:00:01
disconnected at: 2023-06-05 08:35:41
connected again: 2023-06-05 08:35:46
connection was unavailable for: 0:00:04
disconnected at: 2023-06-05 08:45:27
connected again: 2023-06-05 08:45:29
connection was unavailable for: 0:00:01
disconnected at: 2023-06-05 08:48:09
connected again: 2023-06-05 08:48:10
connection was unavailable for: 0:00:01
disconnected at: 2023-06-05 08:48:35
connected again: 2023-06-05 08:48:36
connection was unavailable for: 0:00:00
disconnected at: 2023-06-05 08:49:07
connected again: 2023-06-05 08:49:12
connection was unavailable for: 0:00:05
disconnected at: 2023-06-05 08:50:14
connected again: 2023-06-05 08:50:17
connection was unavailable for: 0:00:02
disconnected at: 2023-06-05 08:50:26
connected again: 2023-06-05 08:50:28
connection was unavailable for: 0:00:02
disconnected at: 2023-06-05 08:50:43
connected again: 2023-06-05 08:50:45
connection was unavailable for: 0:00:02
disconnected at: 2023-06-05 08:51:00
connected again: 2023-06-05 08:51:01
connection was unavailable for: 0:00:00
disconnected at: 2023-06-05 09:05:27
connected again: 2023-06-05 09:05:28
connection was unavailable for: 0:00:00
disconnected at: 2023-06-05 09:09:22
connected again: 2023-06-05 09:09:23
connection was unavailable for: 0:00:00
disconnected at: 2023-06-05 14:31:14
connected again: 2023-06-05 14:31:15
connection was unavailable for: 0:00:00
disconnected at: 2023-06-05 18:09:45
connected again: 2023-06-05 18:09:47
connection was unavailable for: 0:00:02
disconnected at: 2023-06-05 18:57:27
connected again: 2023-06-05 18:57:30
connection was unavailable for: 0:00:02
disconnected at: 2023-06-05 20:36:36
connected again: 2023-06-05 20:36:37
connection was unavailable for: 0:00:01
disconnected at: 2023-06-05 21:18:59
connected again: 2023-06-05 21:19:01
connection was unavailable for: 0:00:01
disconnected at: 2023-06-05 21:28:20
connected again: 2023-06-05 21:28:26
connection was unavailable for: 0:00:05
disconnected at: 2023-06-05 22:07:48
connected again: 2023-06-05 22:07:50
connection was unavailable for: 0:00:01
disconnected at: 2023-06-05 22:10:10
connected again: 2023-06-05 22:10:20
connection was unavailable for: 0:00:09
disconnected at: 2023-06-06 10:06:45
connected again: 2023-06-06 10:06:46
connection was unavailable for: 0:00:00
disconnected at: 2023-06-06 10:07:44
connected again: 2023-06-06 10:07:45
connection was unavailable for: 0:00:01
disconnected at: 2023-06-06 15:55:18
connected again: 2023-06-06 15:55:18
connection was unavailable for: 0:00:00
disconnected at: 2023-06-06 17:17:41
connected again: 2023-06-06 17:17:43
connection was unavailable for: 0:00:01
disconnected at: 2023-06-06 19:11:56
connected again: 2023-06-06 19:11:57
connection was unavailable for: 0:00:01
disconnected at: 2023-06-06 19:37:53
connected again: 2023-06-06 19:38:04
connection was unavailable for: 0:00:10
disconnected at: 2023-06-06 19:39:03
connected again: 2023-06-06 19:39:21
connection was unavailable for: 0:00:18
disconnected at: 2023-06-06 19:45:02
connected again: 2023-06-06 19:45:03
connection was unavailable for: 0:00:00
disconnected at: 2023-06-06 19:49:36
connected again: 2023-06-06 19:49:43
connection was unavailable for: 0:00:06
disconnected at: 2023-06-06 20:13:38
connected again: 2023-06-06 20:13:40
connection was unavailable for: 0:00:02
disconnected at: 2023-06-06 20:33:15
connected again: 2023-06-06 20:33:17
connection was unavailable for: 0:00:02
disconnected at: 2023-06-06 21:09:20
connected again: 2023-06-06 21:09:22
connection was unavailable for: 0:00:01
disconnected at: 2023-06-06 21:20:41
connected again: 2023-06-06 21:20:43
connection was unavailable for: 0:00:02
disconnected at: 2023-06-06 21:20:46
connected again: 2023-06-06 21:20:49
connection was unavailable for: 0:00:02
disconnected at: 2023-06-06 21:27:36
connected again: 2023-06-06 21:27:37
connection was unavailable for: 0:00:01
disconnected at: 2023-06-06 22:20:47
connected again: 2023-06-06 22:20:47
connection was unavailable for: 0:00:00
disconnected at: 2023-06-06 22:36:07
connected again: 2023-06-06 22:36:07
connection was unavailable for: 0:00:00
disconnected at: 2023-06-06 22:41:48
connected again: 2023-06-06 22:41:48
connection was unavailable for: 0:00:00
disconnected at: 2023-06-06 22:42:46
connected again: 2023-06-06 22:42:47
connection was unavailable for: 0:00:00

CONNECTION ACQUIRED
connection acquired at: 2023-06-06 23:10:35
monitoring started at: 2023-06-06 23:10:35
disconnected at: 2023-06-07 01:40:56
connected again: 2023-06-07 01:40:58
connection was unavailable for: 0:00:01
disconnected at: 2023-06-07 05:16:08
connected again: 2023-06-07 05:16:09
connection was unavailable for: 0:00:01
disconnected at: 2023-06-07 05:18:19
connected again: 2023-06-07 05:18:19
connection was unavailable for: 0:00:00
disconnected at: 2023-06-07 06:02:19
connected again: 2023-06-07 06:02:20
connection was unavailable for: 0:00:00
disconnected at: 2023-06-07 08:49:42
connected again: 2023-06-07 08:49:42
connection was unavailable for: 0:00:00
disconnected at: 2023-06-07 10:32:30
connected again: 2023-06-07 10:32:31
connection was unavailable for: 0:00:01
disconnected at: 2023-06-07 14:12:51
connected again: 2023-06-07 14:12:51
connection was unavailable for: 0:00:00
disconnected at: 2023-06-07 15:47:50
connected again: 2023-06-07 15:47:52
connection was unavailable for: 0:00:01
disconnected at: 2023-06-07 17:01:47
connected again: 2023-06-07 17:01:48
connection was unavailable for: 0:00:01
disconnected at: 2023-06-07 17:02:46
connected again: 2023-06-07 17:02:47
connection was unavailable for: 0:00:01
disconnected at: 2023-06-07 17:49:44
connected again: 2023-06-07 17:49:44
connection was unavailable for: 0:00:00
disconnected at: 2023-06-07 18:15:34
connected again: 2023-06-07 18:15:36
connection was unavailable for: 0:00:01
disconnected at: 2023-06-07 19:53:57
connected again: 2023-06-07 19:54:19
connection was unavailable for: 0:00:22
disconnected at: 2023-06-07 19:54:33
connected again: 2023-06-07 19:54:39
connection was unavailable for: 0:00:05
disconnected at: 2023-06-07 19:54:42
connected again: 2023-06-07 19:54:50
connection was unavailable for: 0:00:08
disconnected at: 2023-06-07 19:55:31
connected again: 2023-06-07 19:55:39
connection was unavailable for: 0:00:08
disconnected at: 2023-06-07 19:56:30
connected again: 2023-06-07 19:56:32
connection was unavailable for: 0:00:01
disconnected at: 2023-06-07 19:57:02
connected again: 2023-06-07 19:57:03
connection was unavailable for: 0:00:00
disconnected at: 2023-06-07 22:18:40
connected again: 2023-06-07 22:18:41
connection was unavailable for: 0:00:01
disconnected at: 2023-06-07 22:42:57
connected again: 2023-06-07 22:42:58
connection was unavailable for: 0:00:01
disconnected at: 2023-06-07 23:23:12
connected again: 2023-06-07 23:23:17
connection was unavailable for: 0:00:04
disconnected at: 2023-06-08 01:50:43
connected again: 2023-06-08 01:50:44
connection was unavailable for: 0:00:01
disconnected at: 2023-06-08 02:03:16
connected again: 2023-06-08 02:03:28
connection was unavailable for: 0:00:12
disconnected at: 2023-06-08 09:51:38
connected again: 2023-06-08 09:51:38
connection was unavailable for: 0:00:00
disconnected at: 2023-06-08 16:52:34
connected again: 2023-06-08 16:54:56
connection was unavailable for: 0:02:22
disconnected at: 2023-06-08 22:04:54
connected again: 2023-06-08 22:04:54
connection was unavailable for: 0:00:00
disconnected at: 2023-06-08 22:13:38
connected again: 2023-06-08 22:13:38
connection was unavailable for: 0:00:00
disconnected at: 2023-06-08 22:22:59
connected again: 2023-06-08 22:22:59
connection was unavailable for: 0:00:00
disconnected at: 2023-06-09 03:20:33
connected again: 2023-06-09 03:20:33
connection was unavailable for: 0:00:00
disconnected at: 2023-06-09 03:38:26
connected again: 2023-06-09 03:38:27
connection was unavailable for: 0:00:00
disconnected at: 2023-06-09 05:13:21
connected again: 2023-06-09 05:13:25
connection was unavailable for: 0:00:04
disconnected at: 2023-06-09 07:17:57
connected again: 2023-06-09 07:17:59
connection was unavailable for: 0:00:01
disconnected at: 2023-06-09 09:20:17
connected again: 2023-06-09 09:21:45
connection was unavailable for: 0:01:27
disconnected at: 2023-06-09 10:25:24
connected again: 2023-06-09 10:25:24
connection was unavailable for: 0:00:00
disconnected at: 2023-06-09 11:51:45
connected again: 2023-06-09 11:51:45
connection was unavailable for: 0:00:00
disconnected at: 2023-06-09 12:13:29
connected again: 2023-06-09 12:13:30
connection was unavailable for: 0:00:01
disconnected at: 2023-06-09 12:16:51
connected again: 2023-06-09 12:16:52
connection was unavailable for: 0:00:01
disconnected at: 2023-06-09 12:17:33
connected again: 2023-06-09 12:17:35
connection was unavailable for: 0:00:02
disconnected at: 2023-06-09 13:50:18
connected again: 2023-06-09 13:50:18
connection was unavailable for: 0:00:00
disconnected at: 2023-06-09 17:09:24
connected again: 2023-06-09 17:09:30
connection was unavailable for: 0:00:06
disconnected at: 2023-06-09 20:00:23
connected again: 2023-06-09 20:00:36
connection was unavailable for: 0:00:13
disconnected at: 2023-06-09 20:00:50
connected again: 2023-06-09 20:01:00
connection was unavailable for: 0:00:09
disconnected at: 2023-06-09 20:11:31
connected again: 2023-06-09 20:11:34
connection was unavailable for: 0:00:02
disconnected at: 2023-06-09 20:17:08
connected again: 2023-06-09 20:17:10
connection was unavailable for: 0:00:01
disconnected at: 2023-06-09 20:17:21
connected again: 2023-06-09 20:17:23
connection was unavailable for: 0:00:01
disconnected at: 2023-06-09 20:34:07
connected again: 2023-06-09 20:34:11
connection was unavailable for: 0:00:04
disconnected at: 2023-06-09 20:42:07
connected again: 2023-06-09 20:42:12
connection was unavailable for: 0:00:04
disconnected at: 2023-06-09 20:46:52
connected again: 2023-06-09 20:46:52
connection was unavailable for: 0:00:00
disconnected at: 2023-06-09 20:47:10
connected again: 2023-06-09 20:47:13
connection was unavailable for: 0:00:02
disconnected at: 2023-06-09 20:48:33
connected again: 2023-06-09 20:48:36
connection was unavailable for: 0:00:02
disconnected at: 2023-06-09 20:49:34
connected again: 2023-06-09 20:49:35
connection was unavailable for: 0:00:01
disconnected at: 2023-06-09 20:53:24
connected again: 2023-06-09 20:53:40
connection was unavailable for: 0:00:16
disconnected at: 2023-06-09 20:57:36
connected again: 2023-06-09 20:57:41
connection was unavailable for: 0:00:04
disconnected at: 2023-06-09 21:08:47
connected again: 2023-06-09 21:08:49
connection was unavailable for: 0:00:01
disconnected at: 2023-06-09 21:56:00
connected again: 2023-06-09 21:56:01
connection was unavailable for: 0:00:00
disconnected at: 2023-06-09 23:18:52
connected again: 2023-06-09 23:18:54
connection was unavailable for: 0:00:01
disconnected at: 2023-06-10 00:07:04
connected again: 2023-06-10 00:07:04
connection was unavailable for: 0:00:00
disconnected at: 2023-06-10 03:30:52
connected again: 2023-06-10 03:30:53
connection was unavailable for: 0:00:01
disconnected at: 2023-06-10 04:03:03
connected again: 2023-06-10 04:03:04
connection was unavailable for: 0:00:01
disconnected at: 2023-06-10 06:15:03
connected again: 2023-06-10 06:15:03
connection was unavailable for: 0:00:00
disconnected at: 2023-06-10 08:18:00
connected again: 2023-06-10 08:18:00
connection was unavailable for: 0:00:00
disconnected at: 2023-06-10 09:22:18
connected again: 2023-06-10 09:22:20
connection was unavailable for: 0:00:02
disconnected at: 2023-06-10 12:36:23
connected again: 2023-06-10 12:36:24
connection was unavailable for: 0:00:01
disconnected at: 2023-06-10 12:54:38
connected again: 2023-06-10 12:54:41
connection was unavailable for: 0:00:02
disconnected at: 2023-06-10 13:04:19
connected again: 2023-06-10 13:04:21
connection was unavailable for: 0:00:02
disconnected at: 2023-06-10 14:55:01
connected again: 2023-06-10 14:55:01
connection was unavailable for: 0:00:00
disconnected at: 2023-06-10 21:19:07
connected again: 2023-06-10 21:19:09
connection was unavailable for: 0:00:02
disconnected at: 2023-06-10 21:37:01
connected again: 2023-06-10 21:37:06
connection was unavailable for: 0:00:05
disconnected at: 2023-06-10 21:37:14
connected again: 2023-06-10 21:37:15
connection was unavailable for: 0:00:00
disconnected at: 2023-06-10 21:38:02
connected again: 2023-06-10 21:38:13
connection was unavailable for: 0:00:10
disconnected at: 2023-06-10 21:53:27
connected again: 2023-06-10 21:53:27
connection was unavailable for: 0:00:00
disconnected at: 2023-06-11 02:30:30
connected again: 2023-06-11 02:30:31
connection was unavailable for: 0:00:01
disconnected at: 2023-06-11 03:21:09
connected again: 2023-06-11 03:21:11
connection was unavailable for: 0:00:02
disconnected at: 2023-06-11 03:21:20
connected again: 2023-06-11 03:21:21
connection was unavailable for: 0:00:01
disconnected at: 2023-06-11 03:21:52
connected again: 2023-06-11 03:21:52
connection was unavailable for: 0:00:00
disconnected at: 2023-06-11 04:35:44
connected again: 2023-06-11 04:35:46
connection was unavailable for: 0:00:02
disconnected at: 2023-06-11 09:22:52
connected again: 2023-06-11 09:22:54
connection was unavailable for: 0:00:02
disconnected at: 2023-06-11 11:02:44
connected again: 2023-06-11 11:02:44
connection was unavailable for: 0:00:00
disconnected at: 2023-06-11 11:07:04
connected again: 2023-06-11 11:07:04
connection was unavailable for: 0:00:00
disconnected at: 2023-06-11 12:41:50
connected again: 2023-06-11 12:41:50
connection was unavailable for: 0:00:00
disconnected at: 2023-06-11 18:28:31
connected again: 2023-06-11 18:28:31
connection was unavailable for: 0:00:00
disconnected at: 2023-06-11 20:52:15
connected again: 2023-06-11 20:52:20
connection was unavailable for: 0:00:04
disconnected at: 2023-06-11 21:14:57
connected again: 2023-06-11 21:15:14
connection was unavailable for: 0:00:17
disconnected at: 2023-06-11 21:15:31
connected again: 2023-06-11 21:15:59
connection was unavailable for: 0:00:28
disconnected at: 2023-06-11 21:21:54
connected again: 2023-06-11 21:21:56
connection was unavailable for: 0:00:02
disconnected at: 2023-06-11 21:23:43
connected again: 2023-06-11 21:23:44
connection was unavailable for: 0:00:00
disconnected at: 2023-06-11 21:38:34
connected again: 2023-06-11 21:38:40
connection was unavailable for: 0:00:05
disconnected at: 2023-06-11 21:47:16
connected again: 2023-06-11 21:47:17
connection was unavailable for: 0:00:01
disconnected at: 2023-06-11 21:47:41
connected again: 2023-06-11 21:47:42
connection was unavailable for: 0:00:00
disconnected at: 2023-06-11 21:49:28
connected again: 2023-06-11 21:49:29
connection was unavailable for: 0:00:00
disconnected at: 2023-06-11 23:23:13
connected again: 2023-06-11 23:23:13
connection was unavailable for: 0:00:00
disconnected at: 2023-06-12 05:19:36
connected again: 2023-06-12 05:19:36
connection was unavailable for: 0:00:00
disconnected at: 2023-06-12 09:23:28
connected again: 2023-06-12 09:23:32
connection was unavailable for: 0:00:04
disconnected at: 2023-06-12 11:07:12
connected again: 2023-06-12 11:07:15
connection was unavailable for: 0:00:03
disconnected at: 2023-06-12 11:26:44
connected again: 2023-06-12 11:26:46
connection was unavailable for: 0:00:02
disconnected at: 2023-06-12 11:31:29
connected again: 2023-06-12 11:31:34
connection was unavailable for: 0:00:05
disconnected at: 2023-06-12 12:47:31
connected again: 2023-06-12 12:47:32
connection was unavailable for: 0:00:01
disconnected at: 2023-06-12 13:01:05
connected again: 2023-06-12 13:01:10
connection was unavailable for: 0:00:05
disconnected at: 2023-06-12 13:08:22
connected again: 2023-06-12 13:08:24
connection was unavailable for: 0:00:02
disconnected at: 2023-06-12 13:19:14
connected again: 2023-06-12 14:25:15
connection was unavailable for: 1:06:00
disconnected at: 2023-06-12 14:30:40
connected again: 2023-06-12 14:30:42
connection was unavailable for: 0:00:02
disconnected at: 2023-06-12 14:55:57
connected again: 2023-06-12 14:56:01
connection was unavailable for: 0:00:04
disconnected at: 2023-06-12 14:57:24
connected again: 2023-06-12 14:57:26
connection was unavailable for: 0:00:02
disconnected at: 2023-06-12 15:00:00
connected again: 2023-06-12 21:32:29
connection was unavailable for: 6:32:29
disconnected at: 2023-06-12 21:33:52
connected again: 2023-06-12 21:33:52
connection was unavailable for: 0:00:00
disconnected at: 2023-06-12 22:46:53
connected again: 2023-06-12 22:46:54
connection was unavailable for: 0:00:01
disconnected at: 2023-06-13 04:30:02
connected again: 2023-06-13 04:30:05
connection was unavailable for: 0:00:03
